[ 2016-06-24T09:04:39+08:00 ] 127.0.0.1 /index.php?s=/Home/PublicLink/lists/mp_id/1.html
INFO: [ app_init ] --START--
INFO: Run Behavior\BuildLiteBehavior [ RunTime:0.000025s ]
INFO: Run Common\Behavior\InitHookBehavior [ RunTime:0.021982s ]
INFO: [ app_init ] --END-- [ RunTime:0.023429s ]
INFO: [ app_begin ] --START--
INFO: Run Behavior\ReadHtmlCacheBehavior [ RunTime:0.002113s ]
INFO: [ app_begin ] --END-- [ RunTime:0.002207s ]
NOTIC: [8] Undefined property: stdClass::$ticket D:\wamp\wamp\www\yii\weiphp\ThinkPHP\Library\Vendor\jssdk\jssdk.php 第 49 行.
NOTIC: [8] Undefined index: uid D:\wamp\wamp\www\yii\weiphp\ThinkPHP\Library\Think\Controller.class.php 第 529 行.
NOTIC: [8] Undefined variable: addons D:\wamp\wamp\www\yii\weiphp\Application\Common\Common\function.php 第 501 行.
NOTIC: [8] Undefined variable: addons D:\wamp\wamp\www\yii\weiphp\Application\Common\Common\function.php 第 501 行.
NOTIC: [8] Undefined variable: addons D:\wamp\wamp\www\yii\weiphp\Application\Common\Common\function.php 第 501 行.
NOTIC: [8] Undefined variable: addons D:\wamp\wamp\www\yii\weiphp\Application\Common\Common\function.php 第 501 行.
NOTIC: [8] Undefined variable: addons D:\wamp\wamp\www\yii\weiphp\Application\Common\Common\function.php 第 501 行.
NOTIC: [8] Undefined variable: addons D:\wamp\wamp\www\yii\weiphp\Application\Common\Common\function.php 第 501 行.
NOTIC: [8] Undefined variable: addons D:\wamp\wamp\www\yii\weiphp\Application\Common\Common\function.php 第 501 行.
NOTIC: [8] Undefined variable: addons D:\wamp\wamp\www\yii\weiphp\Application\Common\Common\function.php 第 501 行.
NOTIC: [8] Undefined variable: addons D:\wamp\wamp\www\yii\weiphp\Application\Common\Common\function.php 第 501 行.
NOTIC: [8] Undefined variable: addons D:\wamp\wamp\www\yii\weiphp\Application\Common\Common\function.php 第 501 行.
NOTIC: [8] Undefined variable: addons D:\wamp\wamp\www\yii\weiphp\Application\Common\Common\function.php 第 501 行.
NOTIC: [8] Undefined variable: addons D:\wamp\wamp\www\yii\weiphp\Application\Common\Common\function.php 第 501 行.
NOTIC: [8] Undefined variable: addons D:\wamp\wamp\www\yii\weiphp\Application\Common\Common\function.php 第 501 行.
NOTIC: [8] Undefined variable: addons D:\wamp\wamp\www\yii\weiphp\Application\Common\Common\function.php 第 501 行.
NOTIC: [8] Undefined variable: addons D:\wamp\wamp\www\yii\weiphp\Application\Common\Common\function.php 第 501 行.
NOTIC: [8] Undefined variable: addons D:\wamp\wamp\www\yii\weiphp\Application\Common\Common\function.php 第 501 行.
NOTIC: [8] Undefined variable: addons D:\wamp\wamp\www\yii\weiphp\Application\Common\Common\function.php 第 501 行.
NOTIC: [8] Undefined variable: addons D:\wamp\wamp\www\yii\weiphp\Application\Common\Common\function.php 第 501 行.
NOTIC: [8] Undefined variable: addons D:\wamp\wamp\www\yii\weiphp\Application\Common\Common\function.php 第 501 行.
NOTIC: [8] Undefined variable: addons D:\wamp\wamp\www\yii\weiphp\Application\Common\Common\function.php 第 501 行.
NOTIC: [8] Undefined variable: addons D:\wamp\wamp\www\yii\weiphp\Application\Common\Common\function.php 第 501 行.
NOTIC: [8] Undefined variable: addons D:\wamp\wamp\www\yii\weiphp\Application\Common\Common\function.php 第 501 行.
NOTIC: [8] Undefined variable: addons D:\wamp\wamp\www\yii\weiphp\Application\Common\Common\function.php 第 501 行.
NOTIC: [8] Undefined variable: addons D:\wamp\wamp\www\yii\weiphp\Application\Common\Common\function.php 第 501 行.
NOTIC: [8] Undefined variable: addons D:\wamp\wamp\www\yii\weiphp\Application\Common\Common\function.php 第 501 行.
NOTIC: [8] Undefined variable: addons D:\wamp\wamp\www\yii\weiphp\Application\Common\Common\function.php 第 501 行.
NOTIC: [8] Undefined variable: addons D:\wamp\wamp\www\yii\weiphp\Application\Common\Common\function.php 第 501 行.
NOTIC: [8] Undefined variable: addons D:\wamp\wamp\www\yii\weiphp\Application\Common\Common\function.php 第 501 行.
NOTIC: [8] Undefined variable: addons D:\wamp\wamp\www\yii\weiphp\Application\Common\Common\function.php 第 501 行.
NOTIC: [8] Undefined variable: addons D:\wamp\wamp\www\yii\weiphp\Application\Common\Common\function.php 第 501 行.
NOTIC: [8] Undefined variable: addons D:\wamp\wamp\www\yii\weiphp\Application\Common\Common\function.php 第 501 行.
NOTIC: [8] Undefined variable: addons D:\wamp\wamp\www\yii\weiphp\Application\Common\Common\function.php 第 501 行.
NOTIC: [8] Undefined variable: addons D:\wamp\wamp\www\yii\weiphp\Application\Common\Common\function.php 第 501 行.
NOTIC: [8] Undefined variable: addons D:\wamp\wamp\www\yii\weiphp\Application\Common\Common\function.php 第 501 行.
NOTIC: [8] Undefined variable: addons D:\wamp\wamp\www\yii\weiphp\Application\Common\Common\function.php 第 501 行.
NOTIC: [8] Undefined variable: addons D:\wamp\wamp\www\yii\weiphp\Application\Common\Common\function.php 第 501 行.
NOTIC: [8] Undefined variable: addons D:\wamp\wamp\www\yii\weiphp\Application\Common\Common\function.php 第 501 行.
SQL: SELECT * FROM `wp_manager_menu` WHERE `uid` = 1 AND `is_hide` = 0 ORDER BY sort asc, id asc  [ RunTime:0.0380s ]
NOTIC: [8] Undefined variable: addons D:\wamp\wamp\www\yii\weiphp\Application\Common\Common\function.php 第 501 行.
NOTIC: [8] Undefined variable: addons D:\wamp\wamp\www\yii\weiphp\Application\Common\Common\function.php 第 501 行.
NOTIC: [8] Undefined variable: addons D:\wamp\wamp\www\yii\weiphp\Application\Common\Common\function.php 第 501 行.
NOTIC: [8] Undefined variable: addons D:\wamp\wamp\www\yii\weiphp\Application\Common\Common\function.php 第 501 行.
NOTIC: [8] Undefined variable: addons D:\wamp\wamp\www\yii\weiphp\Application\Common\Common\function.php 第 501 行.
NOTIC: [8] Undefined variable: addons D:\wamp\wamp\www\yii\weiphp\Application\Common\Common\function.php 第 501 行.
NOTIC: [8] Undefined variable: addons D:\wamp\wamp\www\yii\weiphp\Application\Common\Common\function.php 第 501 行.
NOTIC: [8] Undefined variable: addons D:\wamp\wamp\www\yii\weiphp\Application\Common\Common\function.php 第 501 行.
NOTIC: [8] Undefined variable: addons D:\wamp\wamp\www\yii\weiphp\Application\Common\Common\function.php 第 501 行.
NOTIC: [8] Undefined index: 14 D:\wamp\wamp\www\yii\weiphp\Application\Common\Model\ManagerMenuModel.class.php 第 106 行.
NOTIC: [8] Undefined index: 14 D:\wamp\wamp\www\yii\weiphp\Application\Common\Model\ManagerMenuModel.class.php 第 116 行.
NOTIC: [8] Undefined index: 60 D:\wamp\wamp\www\yii\weiphp\Application\Common\Model\ManagerMenuModel.class.php 第 106 行.
NOTIC: [8] Undefined index: 60 D:\wamp\wamp\www\yii\weiphp\Application\Common\Model\ManagerMenuModel.class.php 第 116 行.
SQL: SELECT * FROM `wp_public_link` WHERE `uid` = 1  [ RunTime:0.0132s ]
NOTIC: [8] Undefined variable: addons D:\wamp\wamp\www\yii\weiphp\Application\Common\Common\function.php 第 501 行.
NOTIC: [8] Undefined variable: addons D:\wamp\wamp\www\yii\weiphp\Application\Common\Common\function.php 第 501 行.
NOTIC: [8] Undefined variable: addons D:\wamp\wamp\www\yii\weiphp\Application\Common\Common\function.php 第 501 行.
NOTIC: [8] Undefined variable: addons D:\wamp\wamp\www\yii\weiphp\Application\Common\Common\function.php 第 501 行.
NOTIC: [8] Undefined variable: addons D:\wamp\wamp\www\yii\weiphp\Application\Common\Common\function.php 第 501 行.
NOTIC: [8] Undefined variable: addons D:\wamp\wamp\www\yii\weiphp\Application\Common\Common\function.php 第 501 行.
NOTIC: [8] Undefined variable: addons D:\wamp\wamp\www\yii\weiphp\Application\Common\Common\function.php 第 501 行.
NOTIC: [8] Undefined variable: addons D:\wamp\wamp\www\yii\weiphp\Application\Common\Common\function.php 第 501 行.
NOTIC: [8] Undefined variable: addons D:\wamp\wamp\www\yii\weiphp\Application\Common\Common\function.php 第 501 行.
NOTIC: [8] Undefined variable: addons D:\wamp\wamp\www\yii\weiphp\Application\Common\Common\function.php 第 501 行.
NOTIC: [8] Undefined variable: addons D:\wamp\wamp\www\yii\weiphp\Application\Common\Common\function.php 第 501 行.
NOTIC: [8] Undefined variable: addons D:\wamp\wamp\www\yii\weiphp\Application\Common\Common\function.php 第 501 行.
NOTIC: [8] Undefined variable: addons D:\wamp\wamp\www\yii\weiphp\Application\Common\Common\function.php 第 501 行.
NOTIC: [8] Undefined variable: addons D:\wamp\wamp\www\yii\weiphp\Application\Common\Common\function.php 第 501 行.
NOTIC: [8] Undefined variable: addons D:\wamp\wamp\www\yii\weiphp\Application\Common\Common\function.php 第 501 行.
NOTIC: [8] Undefined variable: addons D:\wamp\wamp\www\yii\weiphp\Application\Common\Common\function.php 第 501 行.
NOTIC: [8] Undefined variable: addons D:\wamp\wamp\www\yii\weiphp\Application\Common\Common\function.php 第 501 行.
NOTIC: [8] Undefined variable: addons D:\wamp\wamp\www\yii\weiphp\Application\Common\Common\function.php 第 501 行.
NOTIC: [8] Undefined variable: addons D:\wamp\wamp\www\yii\weiphp\Application\Common\Common\function.php 第 501 行.
NOTIC: [8] Undefined variable: addons D:\wamp\wamp\www\yii\weiphp\Application\Common\Common\function.php 第 501 行.
NOTIC: [8] Undefined variable: addons D:\wamp\wamp\www\yii\weiphp\Application\Common\Common\function.php 第 501 行.
NOTIC: [8] Undefined variable: addons D:\wamp\wamp\www\yii\weiphp\Application\Common\Common\function.php 第 501 行.
NOTIC: [8] Undefined variable: addons D:\wamp\wamp\www\yii\weiphp\Application\Common\Common\function.php 第 501 行.
NOTIC: [8] Undefined variable: addons D:\wamp\wamp\www\yii\weiphp\Application\Common\Common\function.php 第 501 行.
NOTIC: [8] Undefined variable: addons D:\wamp\wamp\www\yii\weiphp\Application\Common\Common\function.php 第 501 行.
NOTIC: [8] Undefined variable: addons D:\wamp\wamp\www\yii\weiphp\Application\Common\Common\function.php 第 501 行.
NOTIC: [8] Undefined variable: addons D:\wamp\wamp\www\yii\weiphp\Application\Common\Common\function.php 第 501 行.
NOTIC: [8] Undefined variable: addons D:\wamp\wamp\www\yii\weiphp\Application\Common\Common\function.php 第 501 行.
NOTIC: [8] Undefined variable: addons D:\wamp\wamp\www\yii\weiphp\Application\Common\Common\function.php 第 501 行.
NOTIC: [8] Undefined variable: addons D:\wamp\wamp\www\yii\weiphp\Application\Common\Common\function.php 第 501 行.
NOTIC: [8] Undefined variable: addons D:\wamp\wamp\www\yii\weiphp\Application\Common\Common\function.php 第 501 行.
NOTIC: [8] Undefined variable: addons D:\wamp\wamp\www\yii\weiphp\Application\Common\Common\function.php 第 501 行.
NOTIC: [8] Undefined variable: addons D:\wamp\wamp\www\yii\weiphp\Application\Common\Common\function.php 第 501 行.
NOTIC: [8] Undefined variable: addons D:\wamp\wamp\www\yii\weiphp\Application\Common\Common\function.php 第 501 行.
NOTIC: [8] Undefined variable: addons D:\wamp\wamp\www\yii\weiphp\Application\Common\Common\function.php 第 501 行.
NOTIC: [8] Undefined variable: addons D:\wamp\wamp\www\yii\weiphp\Application\Common\Common\function.php 第 501 行.
NOTIC: [8] Undefined variable: addons D:\wamp\wamp\www\yii\weiphp\Application\Common\Common\function.php 第 501 行.
SQL: SELECT `name` FROM `wp_attribute` WHERE ( model_id=8 )  [ RunTime:0.0261s ]
SQL: SELECT * FROM `wp_model` WHERE `id` = 8 LIMIT 1   [ RunTime:0.0085s ]
SQL: SELECT `uid`,`addon_status`,`id` FROM `wp_public_link` WHERE `mp_id` = 1 AND `is_creator` = 0 ORDER BY id desc LIMIT 0,20   [ RunTime:0.0006s ]
SQL: SELECT COUNT(*) AS tp_count FROM `wp_public_link` WHERE `mp_id` = 1 AND `is_creator` = 0 LIMIT 1   [ RunTime:0.0005s ]
NOTIC: [2] Invalid argument supplied for foreach() D:\wamp\wamp\www\yii\weiphp\Application\Home\Controller\PublicLinkController.class.php 第 49 行.
INFO: [ view_parse ] --START--
INFO: [ template_filter ] --START--
INFO: Run Behavior\ContentReplaceBehavior [ RunTime:0.000573s ]
INFO: [ template_filter ] --END-- [ RunTime:0.000777s ]
NOTIC: [8] Use of undefined constant website_logo - assumed 'website_logo' D:\wamp\wamp\www\yii\weiphp\Runtime\Cache\Home\387e1e11b9e3bfcbf3ff3caee77639d6.php 第 58 行.
NOTIC: [8] Use of undefined constant headimgurl - assumed 'headimgurl' D:\wamp\wamp\www\yii\weiphp\Runtime\Cache\Home\387e1e11b9e3bfcbf3ff3caee77639d6.php 第 84 行.
NOTIC: [8] Undefined variable: output D:\wamp\wamp\www\yii\weiphp\Application\Common\Common\function.php 第 1761 行.
NOTIC: [8] Undefined variable: del_url D:\wamp\wamp\www\yii\weiphp\Runtime\Cache\Home\387e1e11b9e3bfcbf3ff3caee77639d6.php 第 161 行.
NOTIC: [8] Use of undefined constant model - assumed 'model' D:\wamp\wamp\www\yii\weiphp\Runtime\Cache\Home\387e1e11b9e3bfcbf3ff3caee77639d6.php 第 171 行.
INFO: Run Behavior\ParseTemplateBehavior [ RunTime:0.180690s ]
INFO: [ view_parse ] --END-- [ RunTime:0.180865s ]
INFO: [ view_filter ] --START--
INFO: Run Behavior\WriteHtmlCacheBehavior [ RunTime:0.002052s ]
INFO: [ view_filter ] --END-- [ RunTime:0.002176s ]
INFO: [ app_end ] --START--
INFO: Run Behavior\ShowPageTraceBehavior [ RunTime:0.002159s ]
INFO: [ app_end ] --END-- [ RunTime:0.002278s ]

